Build started 3/08/2013 11:59:37 PM.
     1>Project "c:\Users\richardson\documents\visual studio 2010\Projects\arduserial\arduserial\arduserial.vcxproj" on node 2 (build target(s)).
     1>InitializeBuildStatus:
         Touching "Debug\arduserial.unsuccessfulbuild".
       GenerateTargetFrameworkMonikerAttribute:
       Skipping target "GenerateTargetFrameworkMonikerAttribute" because all output files are up-to-date with respect to the input files.
       ClCompile:
         All outputs are up-to-date.
         c:\Program Files (x86)\Microsoft Visual Studio 10.0\VC\bin\CL.exe /c /AI"C:\Program Files (x86)\Reference Assemblies\Microsoft\Framework\.NETFramework\v4.0" /Zi /clr /nologo /W3 /WX- /Od /Oy- /D WIN32 /D _DEBUG /D _UNICODE /D UNICODE /EHa /MDd /GS /fp:precise /Zc:wchar_t /Zc:forScope /Yu"StdAfx.h" /Fp"Debug\arduserial.pch" /Fo"Debug\\" /Fd"Debug\vc100.pdb" /TP /FU"C:\Program Files (x86)\Reference Assemblies\Microsoft\Framework\.NETFramework\v4.0\System.Core.dll" /FU"C:\Program Files (x86)\Reference Assemblies\Microsoft\Framework\.NETFramework\v4.0\System.Data.dll" /FU"C:\Program Files (x86)\Reference Assemblies\Microsoft\Framework\.NETFramework\v4.0\System.dll" /FU"C:\Program Files (x86)\Reference Assemblies\Microsoft\Framework\.NETFramework\v4.0\System.Xml.dll" /analyze- /errorReport:prompt arduserial.cpp /clr:nostdlib 
         arduserial.cpp
         All outputs are up-to-date.
       ResourceCompile:
         All outputs are up-to-date.
       Link:
         c:\Program Files (x86)\Microsoft Visual Studio 10.0\VC\bin\link.exe /ERRORREPORT:PROMPT /OUT:"c:\users\richardson\documents\visual studio 2010\Projects\arduserial\Debug\arduserial.exe" /INCREMENTAL /NOLOGO /MANIFEST /ManifestFile:"Debug\arduserial.exe.intermediate.manifest" /MANIFESTUAC:"level='asInvoker' uiAccess='false'" /DEBUG /PDB:"c:\users\richardson\documents\visual studio 2010\Projects\arduserial\Debug\arduserial.pdb" /ASSEMBLYDEBUG /TLBID:1 /DYNAMICBASE /FIXED:NO /NXCOMPAT /MACHINE:X86 Debug\app.res
         Debug\arduserial.obj
         Debug\AssemblyInfo.obj
         Debug\stdafx.obj
         "Debug\.NETFramework,Version=v4.0.AssemblyAttributes.obj"
         arduserial.vcxproj -> c:\users\richardson\documents\visual studio 2010\Projects\arduserial\Debug\arduserial.exe
       Manifest:
         C:\Program Files (x86)\Microsoft SDKs\Windows\v7.0A\bin\mt.exe /nologo /verbose /outputresource:"c:\users\richardson\documents\visual studio 2010\Projects\arduserial\Debug\arduserial.exe;#1" /manifest Debug\arduserial.exe.intermediate.manifest
       FinalizeBuildStatus:
         Deleting file "Debug\arduserial.unsuccessfulbuild".
         Touching "Debug\arduserial.lastbuildstate".
     1>Done Building Project "c:\Users\richardson\documents\visual studio 2010\Projects\arduserial\arduserial\arduserial.vcxproj" (build target(s)).

Build succeeded.

Time Elapsed 00:00:02.60
