Build started 5/08/2013 10:48:31 PM.
     1>Project "c:\Users\richardson\Documents\Visual Studio 2010\Projects\NIUsb2\NIUsb2\NIUsb2.vcxproj" on node 2 (build target(s)).
     1>InitializeBuildStatus:
         Touching "Debug\NIUsb2.unsuccessfulbuild".
       ClCompile:
         c:\Program Files (x86)\Microsoft Visual Studio 10.0\VC\bin\CL.exe /c /ZI /nologo /W3 /WX- /Od /Oy- /D WIN32 /D _DEBUG /D _CONSOLE /D _UNICODE /D UNICODE /Gm /EHsc /RTC1 /MDd /GS /fp:precise /Zc:wchar_t /Zc:forScope /Fo"Debug\\" /Fd"Debug\vc100.pdb" /Gd /TP /analyze- /errorReport:prompt NIUsb2.cpp
         NIUsb2.cpp
     1>c:\users\richardson\documents\visual studio 2010\projects\niusb2\niusb2\niusb2.cpp(85): warning C4996: 'fopen': This function or variable may be unsafe. Consider using fopen_s instead. To disable deprecation, use _CRT_SECURE_NO_WARNINGS. See online help for details.
                 c:\program files (x86)\microsoft visual studio 10.0\vc\include\stdio.h(234) : see declaration of 'fopen'
       ManifestResourceCompile:
         All outputs are up-to-date.
       Link:
         c:\Program Files (x86)\Microsoft Visual Studio 10.0\VC\bin\link.exe /ERRORREPORT:PROMPT /OUT:"c:\Users\richardson\Documents\Visual Studio 2010\Projects\NIUsb2\Debug\NIUsb2.exe" /INCREMENTAL /NOLOGO "C:\Program Files (x86)\National Instruments\Shared\ExternalCompilerSupport\C\lib32\msvc\NIDAQmx.lib" kernel32.lib user32.lib gdi32.lib winspool.lib comdlg32.lib advapi32.lib shell32.lib ole32.lib oleaut32.lib uuid.lib odbc32.lib odbccp32.lib /MANIFEST /ManifestFile:"Debug\NIUsb2.exe.intermediate.manifest" /MANIFESTUAC:"level='asInvoker' uiAccess='false'" /DEBUG /PDB:"c:\Users\richardson\Documents\Visual Studio 2010\Projects\NIUsb2\Debug\NIUsb2.pdb" /SUBSYSTEM:CONSOLE /TLBID:1 /DYNAMICBASE /NXCOMPAT /IMPLIB:"c:\Users\richardson\Documents\Visual Studio 2010\Projects\NIUsb2\Debug\NIUsb2.lib" /MACHINE:X86 Debug\NIUsb2.exe.embed.manifest.res
         Debug\NIUsb2.obj
         Debug\stdafx.obj
       Manifest:
         C:\Program Files (x86)\Microsoft SDKs\Windows\v7.0A\bin\mt.exe /nologo /verbose /out:"Debug\NIUsb2.exe.embed.manifest" /manifest Debug\NIUsb2.exe.intermediate.manifest
         C:\Program Files (x86)\Microsoft SDKs\Windows\v7.0A\bin\rc.exe /nologo /fo"Debug\NIUsb2.exe.embed.manifest.res" Debug\NIUsb2_manifest.rc 
       LinkEmbedManifest:
         c:\Program Files (x86)\Microsoft Visual Studio 10.0\VC\bin\link.exe /ERRORREPORT:PROMPT /OUT:"c:\Users\richardson\Documents\Visual Studio 2010\Projects\NIUsb2\Debug\NIUsb2.exe" /INCREMENTAL /NOLOGO "C:\Program Files (x86)\National Instruments\Shared\ExternalCompilerSupport\C\lib32\msvc\NIDAQmx.lib" kernel32.lib user32.lib gdi32.lib winspool.lib comdlg32.lib advapi32.lib shell32.lib ole32.lib oleaut32.lib uuid.lib odbc32.lib odbccp32.lib /MANIFEST /ManifestFile:"Debug\NIUsb2.exe.intermediate.manifest" /MANIFESTUAC:"level='asInvoker' uiAccess='false'" /DEBUG /PDB:"c:\Users\richardson\Documents\Visual Studio 2010\Projects\NIUsb2\Debug\NIUsb2.pdb" /SUBSYSTEM:CONSOLE /TLBID:1 /DYNAMICBASE /NXCOMPAT /IMPLIB:"c:\Users\richardson\Documents\Visual Studio 2010\Projects\NIUsb2\Debug\NIUsb2.lib" /MACHINE:X86 Debug\NIUsb2.exe.embed.manifest.res
         Debug\NIUsb2.obj
         Debug\stdafx.obj
         NIUsb2.vcxproj -> c:\Users\richardson\Documents\Visual Studio 2010\Projects\NIUsb2\Debug\NIUsb2.exe
       FinalizeBuildStatus:
         Deleting file "Debug\NIUsb2.unsuccessfulbuild".
         Touching "Debug\NIUsb2.lastbuildstate".
     1>Done Building Project "c:\Users\richardson\Documents\Visual Studio 2010\Projects\NIUsb2\NIUsb2\NIUsb2.vcxproj" (build target(s)).

Build succeeded.

Time Elapsed 00:00:00.60
